119:07:27 | INFO     | 153 - Skipped (0) wallets where funds have already been withdrawn.
19:07:32 | ERROR    | 117 - [91mB9DjWeGqv841nRJkounVk6subBsaihLJT4vDhBeYTfnY | Ошибка: Недостаточно средств на балансе![0m
19:08:54 | INFO     | 153 - Skipped (0) wallets where funds have already been withdrawn.
19:08:58 | SUCCESS  | 114 - [92mB9DjWeGqv841nRJkounVk6subBsaihLJT4vDhBeYTfnY | Успешно выведено 1.37 SOL[0m
19:08:58 | INFO     | 179 - [93mСплю 47 секунд...[0m
19:09:48 | SUCCESS  | 114 - [92mF2NpSFJJMNrwZDTY6hmkk11CUDUDeuVBKKDdX5KiCWJJ | Успешно выведено 1.12 SOL[0m
19:09:48 | INFO     | 179 - [93mСплю 64 секунд...[0m
19:10:55 | SUCCESS  | 114 - [92mHR7ktHJ8WVnGPzRoEn7qFNjh3EBcauw7NgBfKg2eLnjF | Успешно выведено 1.47 SOL[0m
19:10:55 | INFO     | 179 - [93mСплю 59 секунд...[0m
19:11:57 | SUCCESS  | 114 - [92m6pAGQdSaBRQFXdHijERgunS8ihNiAJH3V1tSQEnTDKuH | Успешно выведено 1.04 SOL[0m
19:11:57 | INFO     | 179 - [93mСплю 54 секунд...[0m
19:12:54 | SUCCESS  | 114 - [92m4mjWeL8eS4NsAbAJHNRAQUHHuUVrb1GGSL7AHqA8Kgu2 | Успешно выведено 1.4 SOL[0m
19:12:54 | INFO     | 179 - [93mСплю 57 секунд...[0m
20:42:55 | INFO     | 153 - Skipped (5) wallets where funds have already been withdrawn.
20:43:00 | SUCCESS  | 114 - [92m5Y8PSF2dnv5Eu1uMEYbDTEKDghk7FWXqn14fQegz2s1M | Успешно выведено 0.976 SOL[0m
20:43:00 | INFO     | 179 - [93mСплю 77 секунд...[0m
20:44:18 | SUCCESS  | 114 - [92mFE2m2x2TJJLVqnJhXRK93UBYzwrRHuDvYeoWdCBQ8eUW | Успешно выведено 0.787 SOL[0m
20:44:18 | INFO     | 179 - [93mСплю 52 секунд...[0m
20:45:12 | SUCCESS  | 114 - [92mH6ssRMP7dy3BQ8N9pa2w6kqVhwafE5rnYkvvPG29q3gJ | Успешно выведено 0.886 SOL[0m
20:45:12 | INFO     | 179 - [93mСплю 68 секунд...[0m
20:46:23 | SUCCESS  | 114 - [92mGLDeSbErxzNAHSuxiVSdencmzj3dXtLBJmnyg5ynmEM4 | Успешно выведено 0.797 SOL[0m
20:46:23 | INFO     | 179 - [93mСплю 52 секунд...[0m
20:47:18 | SUCCESS  | 114 - [92mGYhGNxzqt51TK3eoNT6kaykSuFhUUuBtBtHrGj4ypJz1 | Успешно выведено 0.664 SOL[0m
20:47:18 | INFO     | 179 - [93mСплю 62 секунд...[0m
22:38:03 | INFO     | 153 - Skipped (10) wallets where funds have already been withdrawn.
22:38:05 | ERROR    | 127 - [91m3tavuMDNvZbxWVoSQADtUhurARSxThEWCsKWSdQipmC4 | Ошибка вывода средств (okx {"code":"58207","data":[],"msg":"Withdrawal address is not allowlisted for verification exemption"})[0m
22:40:56 | INFO     | 153 - Skipped (10) wallets where funds have already been withdrawn.
22:41:00 | SUCCESS  | 114 - [92m3tavuMDNvZbxWVoSQADtUhurARSxThEWCsKWSdQipmC4 | Успешно выведено 115.0 USDC[0m
22:41:00 | INFO     | 179 - [93mСплю 40 секунд...[0m
22:41:43 | SUCCESS  | 114 - [92m2NuzEDGMfHVBydbiZZizM8b6pnwiawGw7nE22AsdwHeE | Успешно выведено 107.0 USDC[0m
22:41:43 | INFO     | 179 - [93mСплю 40 секунд...[0m
22:42:26 | SUCCESS  | 114 - [92m22q3dANSVXSs9cvBRf2vHGE89kxNbztqardapeBpCtor | Успешно выведено 119.0 USDC[0m
22:42:26 | INFO     | 179 - [93mСплю 43 секунд...[0m
22:43:12 | SUCCESS  | 114 - [92m6AaToGEFMuexPdJcr759DZKCZhux7bsX8nMs6jY7cHsf | Успешно выведено 121.0 USDC[0m
22:43:12 | INFO     | 179 - [93mСплю 59 секунд...[0m
22:48:19 | INFO     | 153 - Skipped (10) wallets where funds have already been withdrawn.
22:48:24 | SUCCESS  | 114 - [92m2NuzEDGMfHVBydbiZZizM8b6pnwiawGw7nE22AsdwHeE | Успешно выведено 0.074 SOL[0m
22:48:24 | INFO     | 179 - [93mСплю 20 секунд...[0m
22:48:46 | SUCCESS  | 114 - [92m6AaToGEFMuexPdJcr759DZKCZhux7bsX8nMs6jY7cHsf | Успешно выведено 0.055 SOL[0m
22:48:46 | INFO     | 179 - [93mСплю 21 секунд...[0m
22:49:10 | SUCCESS  | 114 - [92m3tavuMDNvZbxWVoSQADtUhurARSxThEWCsKWSdQipmC4 | Успешно выведено 0.062 SOL[0m
22:49:10 | INFO     | 179 - [93mСплю 28 секунд...[0m
22:49:41 | SUCCESS  | 114 - [92m22q3dANSVXSs9cvBRf2vHGE89kxNbztqardapeBpCtor | Успешно выведено 0.066 SOL[0m
22:49:41 | INFO     | 179 - [93mСплю 29 секунд...[0m
22:58:39 | INFO     | 153 - Skipped (14) wallets where funds have already been withdrawn.
22:58:44 | SUCCESS  | 114 - [92m2zpAEnwDZrr9eW7d8RJF9BX25p5s27PJkNisiTHpkABh | Успешно выведено 0.84 SOL[0m
22:58:44 | INFO     | 179 - [93mСплю 48 секунд...[0m
22:59:35 | SUCCESS  | 114 - [92m8AHKS4EEjv7G58fSgHex721k7PWcois6xwSWs5cbqAoc | Успешно выведено 0.7 SOL[0m
22:59:35 | INFO     | 179 - [93mСплю 43 секунд...[0m
23:00:20 | SUCCESS  | 114 - [92mFMAGjwmxbteW8qbZDYHJAo35TLZVEE32UpW5kKVCYhtr | Успешно выведено 0.83 SOL[0m
23:00:20 | INFO     | 179 - [93mСплю 28 секунд...[0m
23:00:51 | SUCCESS  | 114 - [92mG8iAT7tj9xUeEVkadP1aRKUzKKCzBPrRJbch4soeCwkE | Успешно выведено 0.75 SOL[0m
23:00:51 | INFO     | 179 - [93mСплю 47 секунд...[0m
23:01:41 | SUCCESS  | 114 - [92m4w5DUQS18T6tMP12SJJyXNVEojb3sR6Ry6g4WM9h8tc4 | Успешно выведено 0.58 SOL[0m
23:01:41 | INFO     | 179 - [93mСплю 48 секунд...[0m
23:02:32 | SUCCESS  | 114 - [92m6fCCmA88WRtJccTHUco9QkRCWvTyVrroaGCe6x2dhqDt | Успешно выведено 0.81 SOL[0m
23:02:32 | INFO     | 179 - [93mСплю 21 секунд...[0m
23:02:56 | SUCCESS  | 114 - [92mJD81SwxVMvLhyHMCbKGj6ixpnLrAArVTNWVY6J1TdCpL | Успешно выведено 0.53 SOL[0m
23:02:56 | INFO     | 179 - [93mСплю 39 секунд...[0m
23:03:37 | SUCCESS  | 114 - [92m2bqE2uxSCZAxoYqZQqKcXQqiSx1NdpytK6VYvBXizABj | Успешно выведено 0.91 SOL[0m
23:03:37 | INFO     | 179 - [93mСплю 32 секунд...[0m
23:04:12 | ERROR    | 117 - [91m39XHnEaKgDf5Ts5qz8ENdWRYkT4KpBpzeekm8zQKa67x | Ошибка: Недостаточно средств на балансе![0m
